<?xml version="1.0" ?>
<!DOCTYPE coverage SYSTEM "http://cobertura.sourceforge.net/xml/coverage-04.dtd">
<coverage lines-valid="7" lines-covered="6" line-rate="0.8571" branches-valid="0" branches-covered="0" branch-rate="1" timestamp="1584640094174" complexity="0" version="0.1">
  <sources>
    <source>/home/memroberts/Documents/workzone/bill-splitter</source>
  </sources>
  <packages>
    <package name="components" line-rate="1" branch-rate="1">
      <classes>
        <class name="StyledText.js" filename="components/StyledText.js" line-rate="1" branch-rate="1">
          <methods>
            <method name="MonoText" hits="1" signature="()V">
              <lines>
                <line number="4" hits="1"/>
              </lines>
            </method>
          </methods>
          <lines>
            <line number="5" hits="1" branch="false"/>
          </lines>
        </class>
      </classes>
    </package>
    <package name="screens" line-rate="0.8332999999999999" branch-rate="1">
      <classes>
        <class name="HomeScreen.js" filename="screens/HomeScreen.js" line-rate="0.8332999999999999" branch-rate="1">
          <methods>
            <method name="HomeScreen" hits="1" signature="()V">
              <lines>
                <line number="24" hits="1"/>
              </lines>
            </method>
            <method name="(anonymous_1)" hits="2" signature="()V">
              <lines>
                <line number="39" hits="2"/>
              </lines>
            </method>
            <method name="(anonymous_2)" hits="0" signature="()V">
              <lines>
                <line number="57" hits="0"/>
              </lines>
            </method>
            <method name="handleExample" hits="0" signature="()V">
              <lines>
                <line number="72" hits="0"/>
              </lines>
            </method>
          </methods>
          <lines>
            <line number="13" hits="1" branch="false"/>
            <line number="26" hits="1" branch="false"/>
            <line number="40" hits="2" branch="false"/>
            <line number="57" hits="0" branch="false"/>
            <line number="68" hits="1" branch="false"/>
            <line number="76" hits="1" branch="false"/>
          </lines>
        </class>
      </classes>
    </package>
  </packages>
</coverage>
